0 info it worked if it ends with ok
1 verbose cli [ 'C:\\Program Files\\nodejs\\node.exe',
1 verbose cli   'C:\\Users\\BumbuKhan\\AppData\\Roaming\\npm\\node_modules\\npm\\bin\\npm-cli.js',
1 verbose cli   'run',
1 verbose cli   'build' ]
2 info using npm@4.1.2
3 info using node@v6.9.1
4 verbose run-script [ 'prebuild', 'build', 'postbuild' ]
5 info lifecycle bumbu.tv_frontend@1.0.0~prebuild: bumbu.tv_frontend@1.0.0
6 silly lifecycle bumbu.tv_frontend@1.0.0~prebuild: no script for prebuild, continuing
7 info lifecycle bumbu.tv_frontend@1.0.0~build: bumbu.tv_frontend@1.0.0
8 verbose lifecycle bumbu.tv_frontend@1.0.0~build: unsafe-perm in lifecycle true
9 verbose lifecycle bumbu.tv_frontend@1.0.0~build: PATH: C:\Users\BumbuKhan\AppData\Roaming\npm\node_modules\npm\bin\node-gyp-bin;C:\OpenServer\domains\bumbu.tv_frontend\node_modules\.bin;C:\Program Files\ConEmu\ConEmu\Scripts;C:\Program Files\ConEmu;C:\Program Files\ConEmu\ConEmu;C:\Windows\system32;C:\Windows;C:\Windows\System32\Wbem;C:\Windows\System32\WindowsPowerShell\v1.0\;C:\Program Files\nodejs\;C:\Program Files\Git\cmd;C:\Program Files (x86)\Yarn\bin;C:\OpenServer\modules\php\PHP-5.6;C:\ProgramData\ComposerSetup\bin;C:\Users\BumbuKhan\AppData\Local\Microsoft\WindowsApps;C:\Users\BumbuKhan\AppData\Roaming\npm;C:\Users\BumbuKhan\AppData\Local\Yarn\.bin;C:\Users\BumbuKhan\AppData\Local\atom\bin;C:\Users\BumbuKhan\AppData\Roaming\Composer\vendor\bin
10 verbose lifecycle bumbu.tv_frontend@1.0.0~build: CWD: C:\OpenServer\domains\bumbu.tv_frontend
11 silly lifecycle bumbu.tv_frontend@1.0.0~build: Args: [ '/d /s /c',
11 silly lifecycle   'primer-module-build ./app/src/css/index.scss ./app/dist/css/' ]
12 silly lifecycle bumbu.tv_frontend@1.0.0~build: Returned: code: 1  signal: null
13 info lifecycle bumbu.tv_frontend@1.0.0~build: Failed to exec build script
14 verbose stack Error: bumbu.tv_frontend@1.0.0 build: `primer-module-build ./app/src/css/index.scss ./app/dist/css/`
14 verbose stack Exit status 1
14 verbose stack     at EventEmitter.<anonymous> (C:\Users\BumbuKhan\AppData\Roaming\npm\node_modules\npm\lib\utils\lifecycle.js:279:16)
14 verbose stack     at emitTwo (events.js:106:13)
14 verbose stack     at EventEmitter.emit (events.js:191:7)
14 verbose stack     at ChildProcess.<anonymous> (C:\Users\BumbuKhan\AppData\Roaming\npm\node_modules\npm\lib\utils\spawn.js:40:14)
14 verbose stack     at emitTwo (events.js:106:13)
14 verbose stack     at ChildProcess.emit (events.js:191:7)
14 verbose stack     at maybeClose (internal/child_process.js:877:16)
14 verbose stack     at Process.ChildProcess._handle.onexit (internal/child_process.js:226:5)
15 verbose pkgid bumbu.tv_frontend@1.0.0
16 verbose cwd C:\OpenServer\domains\bumbu.tv_frontend
17 error Windows_NT 10.0.14393
18 error argv "C:\\Program Files\\nodejs\\node.exe" "C:\\Users\\BumbuKhan\\AppData\\Roaming\\npm\\node_modules\\npm\\bin\\npm-cli.js" "run" "build"
19 error node v6.9.1
20 error npm  v4.1.2
21 error code ELIFECYCLE
22 error bumbu.tv_frontend@1.0.0 build: `primer-module-build ./app/src/css/index.scss ./app/dist/css/`
22 error Exit status 1
23 error Failed at the bumbu.tv_frontend@1.0.0 build script 'primer-module-build ./app/src/css/index.scss ./app/dist/css/'.
23 error Make sure you have the latest version of node.js and npm installed.
23 error If you do, this is most likely a problem with the bumbu.tv_frontend package,
23 error not with npm itself.
23 error Tell the author that this fails on your system:
23 error     primer-module-build ./app/src/css/index.scss ./app/dist/css/
23 error You can get information on how to open an issue for this project with:
23 error     npm bugs bumbu.tv_frontend
23 error Or if that isn't available, you can get their info via:
23 error     npm owner ls bumbu.tv_frontend
23 error There is likely additional logging output above.
24 verbose exit [ 1, true ]
